<?xml version="1.0" encoding="UTF-8"?>
<testsuite xmlns:xsi="http://www.w3.org/2001/XMLSchema-instance" xsi:noNamespaceSchemaLocation="https://maven.apache.org/surefire/maven-surefire-plugin/xsd/surefire-test-report.xsd" name="dev.bstk.estruturadados.vetores.VetorSimplesTest" time="0.073" tests="2" errors="0" skipped="0" failures="0">
  <properties>
[...]
</properties>
  <testcase name="deveRetornarTrueAoPassarUmVetorNulo" classname="dev.bstk.estruturadados.vetores.VetorSimplesTest" time="0.051"/>
  <testcase name="deveRetornarTrueAoPassarUmVetorVazio" classname="dev.bstk.estruturadados.vetores.VetorSimplesTest" time="0"/>
</testsuite>